<?xml version="1.0" encoding="UTF-8"?>
<!-- Generated by org.testng.reporters.JUnitReportReporter -->
<testsuite skipped="0" hostname="CAPMPTLAP0110" name="com.learn.DockerDemo.ChromeTest" tests="1" failures="0" timestamp="2019-11-29T16:36:41 IST" time="15.416" errors="0">
  <testcase name="VerifyTitle" time="15.416" classname="com.learn.DockerDemo.ChromeTest"/>
</testsuite> <!-- com.learn.DockerDemo.ChromeTest -->
