<?xml version="1.0" encoding="UTF-8"?>
<!-- Generated by org.testng.reporters.JUnitReportReporter -->
<testsuite skipped="0" hostname="17db289963d6" name="com.learn.DockerDemo.ChromeTest" tests="1" failures="0" timestamp="2019-11-30T04:50:27 GMT" time="10.545" errors="0">
  <testcase name="VerifyTitle" time="10.545" classname="com.learn.DockerDemo.ChromeTest"/>
</testsuite> <!-- com.learn.DockerDemo.ChromeTest -->
